{"level":"info","time":"2023-01-08T22:28:11.339-0800","caller":"cobra@v1.1.1/command.go:854","msg":"LambdaTest Tunnel version: 3.1.25"}
{"level":"debug","time":"2023-01-08T22:28:11.342-0800","caller":"cmd/lt.go:211","msg":"Starting pipeline....."}
{"level":"debug","time":"2023-01-08T22:28:11.342-0800","caller":"cmd/lt.go:211","msg":"OS: windows, Arch: amd64"}
{"level":"debug","time":"2023-01-08T22:28:11.342-0800","caller":"cmd/lt.go:211","msg":"Fetching config"}
{"level":"debug","time":"2023-01-08T22:28:11.345-0800","caller":"runtime/asm_amd64.s:1594","msg":"Starting tunnel With flags: --user vyogpatil1995 --key ***** --logFile E:\\lmdatest\\lambda-tunnel\\tunnel-9.log --tunnelName QA-Test --controller jenkins --port 51967 -v"}
{"level":"debug","time":"2023-01-08T22:28:12.369-0800","caller":"cmd/lt.go:211","msg":"Remote config fetched"}
{"level":"debug","time":"2023-01-08T22:28:12.731-0800","caller":"runtime/asm_amd64.s:1594","msg":"Trying on port 443"}
{"level":"debug","time":"2023-01-08T22:28:12.731-0800","caller":"runtime/asm_amd64.s:1594","msg":"Trying over ssh over ws"}
{"level":"debug","time":"2023-01-08T22:28:12.731-0800","caller":"core/lifecycle.go:138","msg":"Starting sink proxy"}
{"level":"debug","time":"2023-01-08T22:28:12.731-0800","caller":"runtime/asm_amd64.s:1594","msg":"Trying on port 22"}
{"level":"info","time":"2023-01-08T22:28:12.790-0800","caller":"custom/setup.go:749","msg":"Tunnel binary started on port :51967"}
{"level":"debug","time":"2023-01-08T22:28:14.263-0800","caller":"runtime/asm_amd64.s:1594","msg":"WSS connection was successful"}
{"level":"debug","time":"2023-01-08T22:28:15.591-0800","caller":"runtime/asm_amd64.s:1594","msg":"SSH connection over port 443 successful"}
{"level":"debug","time":"2023-01-08T22:28:15.600-0800","caller":"runtime/asm_amd64.s:1594","msg":"SSH connection over port 22 successful"}
{"level":"debug","time":"2023-01-08T22:28:15.697-0800","caller":"runtime/asm_amd64.s:1594","msg":"SSH connection over ws successful"}
{"level":"info","time":"2023-01-08T22:28:15.697-0800","caller":"core/lifecycle.go:115","msg":"Using ssh(over_22) :: connection mode"}
{"level":"info","time":"2023-01-08T22:28:15.697-0800","caller":"cmd/lt.go:211","msg":"Launching tunnel"}
{"level":"debug","time":"2023-01-08T22:28:15.718-0800","caller":"core/lifecycle.go:233","msg":"Starting control ws connection at wss://ts.lambdatest.com/monitor"}
{"level":"debug","time":"2023-01-08T22:28:16.753-0800","caller":"core/lifecycle.go:233","msg":"Control ws channel opened"}
{"level":"debug","time":"2023-01-08T22:28:16.753-0800","caller":"runtime/asm_amd64.s:1594","msg":"Starting message listener on control connection"}
{"level":"debug","time":"2023-01-08T22:28:17.831-0800","caller":"runtime/asm_amd64.s:1594","msg":"Tunnel registered message received on control channel"}
{"level":"debug","time":"2023-01-08T22:28:17.831-0800","caller":"runtime/asm_amd64.s:1594","msg":"controller bus registered"}
{"level":"debug","time":"2023-01-08T22:28:17.831-0800","caller":"core/lifecycle.go:283","msg":"Using 5 ssh connection"}
{"level":"debug","time":"2023-01-08T22:28:17.831-0800","caller":"runtime/asm_amd64.s:1594","msg":"Sending tunnel registered message to channels"}
{"level":"debug","time":"2023-01-08T22:28:18.733-0800","caller":"runtime/asm_amd64.s:1594","msg":"Successfully started sshd listener on port: 19662"}
{"level":"debug","time":"2023-01-08T22:28:18.733-0800","caller":"runtime/asm_amd64.s:1594","msg":"Successfully started sshd listener on port: 16457"}
{"level":"info","time":"2023-01-08T22:28:18.733-0800","caller":"runtime/asm_amd64.s:1594","msg":"You can start testing now"}
{"level":"info","time":"2023-01-08T22:28:18.733-0800","caller":"runtime/asm_amd64.s:1594","msg":"Tunnel ID: 2920687"}
{"level":"debug","time":"2023-01-08T22:28:18.733-0800","caller":"runtime/asm_amd64.s:1594","msg":"Remote Listener Started on Port 18558"}
{"level":"debug","time":"2023-01-08T22:28:18.787-0800","caller":"runtime/asm_amd64.s:1594","msg":"Successfully started sshd listener on port: 18458"}
{"level":"debug","time":"2023-01-08T22:28:18.787-0800","caller":"runtime/asm_amd64.s:1594","msg":"Successfully started sshd listener on port: 23461"}
{"level":"debug","time":"2023-01-08T22:28:18.883-0800","caller":"runtime/asm_amd64.s:1594","msg":"Successfully started sshd listener on port: 1900"}
