{"level":"info","time":"2023-01-13T03:36:19.043-0800","caller":"cobra@v1.1.1/command.go:854","msg":"LambdaTest Tunnel version: 3.1.25"}
{"level":"debug","time":"2023-01-13T03:36:19.046-0800","caller":"cmd/lt.go:211","msg":"Starting pipeline....."}
{"level":"debug","time":"2023-01-13T03:36:19.055-0800","caller":"cmd/lt.go:211","msg":"OS: windows, Arch: amd64"}
{"level":"debug","time":"2023-01-13T03:36:19.055-0800","caller":"cmd/lt.go:211","msg":"Fetching config"}
{"level":"debug","time":"2023-01-13T03:36:19.055-0800","caller":"runtime/asm_amd64.s:1594","msg":"Starting tunnel With flags: --user spatil01866 --key ***** --logFile C:\\Users\\HP\\git\\Testing\\lmdatest\\lambda-tunnel\\tunnel-23.log --tunnelName QA-Test --controller jenkins --port 58233 -v"}
{"level":"debug","time":"2023-01-13T03:36:20.312-0800","caller":"cmd/lt.go:211","msg":"Remote config fetched"}
{"level":"debug","time":"2023-01-13T03:36:21.394-0800","caller":"core/lifecycle.go:138","msg":"Starting sink proxy"}
{"level":"debug","time":"2023-01-13T03:36:21.394-0800","caller":"runtime/asm_amd64.s:1594","msg":"Trying on port 22"}
{"level":"debug","time":"2023-01-13T03:36:21.394-0800","caller":"runtime/asm_amd64.s:1594","msg":"Trying on port 443"}
{"level":"debug","time":"2023-01-13T03:36:21.394-0800","caller":"runtime/asm_amd64.s:1594","msg":"Trying over ssh over ws"}
{"level":"info","time":"2023-01-13T03:36:21.451-0800","caller":"custom/setup.go:749","msg":"Tunnel binary started on port :58233"}
{"level":"debug","time":"2023-01-13T03:36:22.393-0800","caller":"runtime/asm_amd64.s:1594","msg":"WSS connection was successful"}
{"level":"debug","time":"2023-01-13T03:36:23.684-0800","caller":"runtime/asm_amd64.s:1594","msg":"SSH connection over port 443 successful"}
{"level":"debug","time":"2023-01-13T03:36:24.164-0800","caller":"runtime/asm_amd64.s:1594","msg":"SSH connection over ws successful"}
{"level":"debug","time":"2023-01-13T03:36:24.398-0800","caller":"runtime/asm_amd64.s:1594","msg":"SSH connection over port 22 successful"}
{"level":"info","time":"2023-01-13T03:36:24.401-0800","caller":"core/lifecycle.go:115","msg":"Using ssh(over_22) :: connection mode"}
{"level":"info","time":"2023-01-13T03:36:24.401-0800","caller":"cmd/lt.go:211","msg":"Launching tunnel"}
{"level":"debug","time":"2023-01-13T03:36:24.423-0800","caller":"core/lifecycle.go:233","msg":"Starting control ws connection at wss://ts.lambdatest.com/monitor"}
{"level":"debug","time":"2023-01-13T03:36:26.013-0800","caller":"core/lifecycle.go:233","msg":"Control ws channel opened"}
{"level":"debug","time":"2023-01-13T03:36:26.014-0800","caller":"runtime/asm_amd64.s:1594","msg":"Starting message listener on control connection"}
{"level":"debug","time":"2023-01-13T03:36:26.959-0800","caller":"runtime/asm_amd64.s:1594","msg":"Tunnel registered message received on control channel"}
{"level":"debug","time":"2023-01-13T03:36:26.959-0800","caller":"runtime/asm_amd64.s:1594","msg":"controller bus registered"}
{"level":"debug","time":"2023-01-13T03:36:26.960-0800","caller":"runtime/asm_amd64.s:1594","msg":"Sending tunnel registered message to channels"}
{"level":"debug","time":"2023-01-13T03:36:26.960-0800","caller":"core/lifecycle.go:283","msg":"Using 5 ssh connection"}
{"level":"debug","time":"2023-01-13T03:36:27.904-0800","caller":"runtime/asm_amd64.s:1594","msg":"Successfully started sshd listener on port: 24336"}
{"level":"info","time":"2023-01-13T03:36:27.915-0800","caller":"runtime/asm_amd64.s:1594","msg":"You can start testing now"}
{"level":"debug","time":"2023-01-13T03:36:27.904-0800","caller":"runtime/asm_amd64.s:1594","msg":"Successfully started sshd listener on port: 2502"}
{"level":"info","time":"2023-01-13T03:36:27.915-0800","caller":"runtime/asm_amd64.s:1594","msg":"Tunnel ID: 2950582"}
{"level":"debug","time":"2023-01-13T03:36:27.915-0800","caller":"runtime/asm_amd64.s:1594","msg":"Remote Listener Started on Port 19309"}
{"level":"debug","time":"2023-01-13T03:36:27.904-0800","caller":"runtime/asm_amd64.s:1594","msg":"Successfully started sshd listener on port: 31119"}
{"level":"debug","time":"2023-01-13T03:36:28.071-0800","caller":"runtime/asm_amd64.s:1594","msg":"Successfully started sshd listener on port: 13049"}
{"level":"debug","time":"2023-01-13T03:36:28.071-0800","caller":"runtime/asm_amd64.s:1594","msg":"Successfully started sshd listener on port: 21433"}
