{"level":"info","time":"2023-01-13T05:42:15.593-0800","caller":"cobra@v1.1.1/command.go:854","msg":"LambdaTest Tunnel version: 3.1.25"}
{"level":"debug","time":"2023-01-13T05:42:15.596-0800","caller":"cmd/lt.go:211","msg":"Starting pipeline....."}
{"level":"debug","time":"2023-01-13T05:42:15.596-0800","caller":"cmd/lt.go:211","msg":"OS: windows, Arch: amd64"}
{"level":"debug","time":"2023-01-13T05:42:15.596-0800","caller":"cmd/lt.go:211","msg":"Fetching config"}
{"level":"debug","time":"2023-01-13T05:42:15.600-0800","caller":"runtime/asm_amd64.s:1594","msg":"Starting tunnel With flags: --user spatil01866 --key ***** --logFile C:\\Users\\HP\\git\\Testing\\lmdatest\\lambda-tunnel\\tunnel-26.log --tunnelName QA-Test --controller jenkins --port 59381 -v"}
{"level":"debug","time":"2023-01-13T05:42:17.192-0800","caller":"cmd/lt.go:211","msg":"Remote config fetched"}
{"level":"debug","time":"2023-01-13T05:42:17.373-0800","caller":"core/lifecycle.go:138","msg":"Starting sink proxy"}
{"level":"debug","time":"2023-01-13T05:42:17.373-0800","caller":"runtime/asm_amd64.s:1594","msg":"Trying on port 22"}
{"level":"debug","time":"2023-01-13T05:42:17.373-0800","caller":"runtime/asm_amd64.s:1594","msg":"Trying on port 443"}
{"level":"debug","time":"2023-01-13T05:42:17.373-0800","caller":"runtime/asm_amd64.s:1594","msg":"Trying over ssh over ws"}
{"level":"info","time":"2023-01-13T05:42:17.427-0800","caller":"custom/setup.go:749","msg":"Tunnel binary started on port :59381"}
{"level":"debug","time":"2023-01-13T05:42:17.548-0800","caller":"runtime/asm_amd64.s:1594","msg":"WSS connection was successful"}
{"level":"debug","time":"2023-01-13T05:42:18.293-0800","caller":"runtime/asm_amd64.s:1594","msg":"SSH connection over ws successful"}
{"level":"debug","time":"2023-01-13T05:42:18.306-0800","caller":"runtime/asm_amd64.s:1594","msg":"SSH connection over port 443 successful"}
{"level":"debug","time":"2023-01-13T05:42:18.374-0800","caller":"runtime/asm_amd64.s:1594","msg":"SSH connection over port 22 successful"}
{"level":"info","time":"2023-01-13T05:42:18.374-0800","caller":"core/lifecycle.go:115","msg":"Using ssh(over_22) :: connection mode"}
{"level":"info","time":"2023-01-13T05:42:18.374-0800","caller":"cmd/lt.go:211","msg":"Launching tunnel"}
{"level":"debug","time":"2023-01-13T05:42:18.383-0800","caller":"core/lifecycle.go:233","msg":"Starting control ws connection at wss://ts.lambdatest.com/monitor"}
{"level":"debug","time":"2023-01-13T05:42:19.720-0800","caller":"core/lifecycle.go:233","msg":"Control ws channel opened"}
{"level":"debug","time":"2023-01-13T05:42:19.723-0800","caller":"runtime/asm_amd64.s:1594","msg":"Starting message listener on control connection"}
{"level":"debug","time":"2023-01-13T05:42:21.390-0800","caller":"runtime/asm_amd64.s:1594","msg":"Sending tunnel registered message to channels"}
{"level":"debug","time":"2023-01-13T05:42:21.400-0800","caller":"runtime/asm_amd64.s:1594","msg":"Tunnel registered message received on control channel"}
{"level":"debug","time":"2023-01-13T05:42:21.421-0800","caller":"runtime/asm_amd64.s:1594","msg":"controller bus registered"}
{"level":"debug","time":"2023-01-13T05:42:21.431-0800","caller":"core/lifecycle.go:283","msg":"Using 5 ssh connection"}
{"level":"debug","time":"2023-01-13T05:42:22.966-0800","caller":"runtime/asm_amd64.s:1594","msg":"Successfully started sshd listener on port: 26919"}
{"level":"debug","time":"2023-01-13T05:42:22.966-0800","caller":"runtime/asm_amd64.s:1594","msg":"Successfully started sshd listener on port: 13760"}
{"level":"info","time":"2023-01-13T05:42:22.966-0800","caller":"runtime/asm_amd64.s:1594","msg":"You can start testing now"}
{"level":"info","time":"2023-01-13T05:42:22.966-0800","caller":"runtime/asm_amd64.s:1594","msg":"Tunnel ID: 2951310"}
{"level":"debug","time":"2023-01-13T05:42:22.966-0800","caller":"runtime/asm_amd64.s:1594","msg":"Remote Listener Started on Port 26947"}
{"level":"debug","time":"2023-01-13T05:42:23.020-0800","caller":"runtime/asm_amd64.s:1594","msg":"Successfully started sshd listener on port: 11449"}
{"level":"debug","time":"2023-01-13T05:42:23.063-0800","caller":"runtime/asm_amd64.s:1594","msg":"Successfully started sshd listener on port: 24709"}
{"level":"debug","time":"2023-01-13T05:42:23.063-0800","caller":"runtime/asm_amd64.s:1594","msg":"Successfully started sshd listener on port: 19918"}
