{"level":"info","time":"2023-01-13T03:44:08.869-0800","caller":"cobra@v1.1.1/command.go:854","msg":"LambdaTest Tunnel version: 3.1.25"}
{"level":"debug","time":"2023-01-13T03:44:08.918-0800","caller":"cmd/lt.go:211","msg":"Starting pipeline....."}
{"level":"debug","time":"2023-01-13T03:44:08.924-0800","caller":"cmd/lt.go:211","msg":"OS: windows, Arch: amd64"}
{"level":"debug","time":"2023-01-13T03:44:08.924-0800","caller":"cmd/lt.go:211","msg":"Fetching config"}
{"level":"debug","time":"2023-01-13T03:44:08.926-0800","caller":"runtime/asm_amd64.s:1594","msg":"Starting tunnel With flags: --user spatil01866 --key ***** --logFile C:\\Users\\HP\\git\\Testing\\lmdatest\\lambda-tunnel\\tunnel-25.log --tunnelName QA-Test --controller jenkins --port 54682 -v"}
{"level":"debug","time":"2023-01-13T03:44:09.628-0800","caller":"cmd/lt.go:211","msg":"Remote config fetched"}
{"level":"debug","time":"2023-01-13T03:44:09.901-0800","caller":"core/lifecycle.go:138","msg":"Starting sink proxy"}
{"level":"debug","time":"2023-01-13T03:44:09.901-0800","caller":"runtime/asm_amd64.s:1594","msg":"Trying on port 22"}
{"level":"debug","time":"2023-01-13T03:44:09.901-0800","caller":"runtime/asm_amd64.s:1594","msg":"Trying on port 443"}
{"level":"debug","time":"2023-01-13T03:44:09.901-0800","caller":"runtime/asm_amd64.s:1594","msg":"Trying over ssh over ws"}
{"level":"info","time":"2023-01-13T03:44:09.963-0800","caller":"custom/setup.go:749","msg":"Tunnel binary started on port :54682"}
{"level":"debug","time":"2023-01-13T03:44:10.115-0800","caller":"runtime/asm_amd64.s:1594","msg":"WSS connection was successful"}
{"level":"debug","time":"2023-01-13T03:44:11.103-0800","caller":"runtime/asm_amd64.s:1594","msg":"SSH connection over ws successful"}
{"level":"debug","time":"2023-01-13T03:44:11.103-0800","caller":"runtime/asm_amd64.s:1594","msg":"SSH connection over port 443 successful"}
{"level":"debug","time":"2023-01-13T03:44:11.215-0800","caller":"runtime/asm_amd64.s:1594","msg":"SSH connection over port 22 successful"}
{"level":"info","time":"2023-01-13T03:44:11.215-0800","caller":"core/lifecycle.go:115","msg":"Using ssh(over_22) :: connection mode"}
{"level":"info","time":"2023-01-13T03:44:11.215-0800","caller":"cmd/lt.go:211","msg":"Launching tunnel"}
{"level":"debug","time":"2023-01-13T03:44:11.464-0800","caller":"core/lifecycle.go:233","msg":"Starting control ws connection at wss://ts.lambdatest.com/monitor"}
{"level":"debug","time":"2023-01-13T03:44:11.892-0800","caller":"core/lifecycle.go:233","msg":"Control ws channel opened"}
{"level":"debug","time":"2023-01-13T03:44:11.892-0800","caller":"runtime/asm_amd64.s:1594","msg":"Starting message listener on control connection"}
{"level":"debug","time":"2023-01-13T03:44:13.410-0800","caller":"runtime/asm_amd64.s:1594","msg":"Tunnel registered message received on control channel"}
{"level":"debug","time":"2023-01-13T03:44:13.411-0800","caller":"runtime/asm_amd64.s:1594","msg":"controller bus registered"}
{"level":"debug","time":"2023-01-13T03:44:13.414-0800","caller":"runtime/asm_amd64.s:1594","msg":"Sending tunnel registered message to channels"}
{"level":"debug","time":"2023-01-13T03:44:13.414-0800","caller":"core/lifecycle.go:283","msg":"Using 5 ssh connection"}
{"level":"debug","time":"2023-01-13T03:44:14.473-0800","caller":"runtime/asm_amd64.s:1594","msg":"Successfully started sshd listener on port: 18772"}
{"level":"debug","time":"2023-01-13T03:44:14.480-0800","caller":"runtime/asm_amd64.s:1594","msg":"Successfully started sshd listener on port: 16170"}
{"level":"info","time":"2023-01-13T03:44:14.480-0800","caller":"runtime/asm_amd64.s:1594","msg":"You can start testing now"}
{"level":"info","time":"2023-01-13T03:44:14.481-0800","caller":"runtime/asm_amd64.s:1594","msg":"Tunnel ID: 2950607"}
{"level":"debug","time":"2023-01-13T03:44:14.481-0800","caller":"runtime/asm_amd64.s:1594","msg":"Remote Listener Started on Port 24146"}
{"level":"debug","time":"2023-01-13T03:44:14.610-0800","caller":"runtime/asm_amd64.s:1594","msg":"Successfully started sshd listener on port: 20846"}
{"level":"debug","time":"2023-01-13T03:44:14.660-0800","caller":"runtime/asm_amd64.s:1594","msg":"Successfully started sshd listener on port: 11744"}
{"level":"debug","time":"2023-01-13T03:44:14.669-0800","caller":"runtime/asm_amd64.s:1594","msg":"Successfully started sshd listener on port: 14676"}
